#
# A fatal error has been detected by the Java Runtime Environment:
#
#  EXCEPTION_ACCESS_VIOLATION (0xc0000005) at pc=0x000000005c7faa30, pid=12348, tid=0x0000000000003688
#
# JRE version: OpenJDK Runtime Environment (8.0_152-b02) (build 1.8.0_152-release-1024-b02)
# Java VM: OpenJDK 64-Bit Server VM (25.152-b02 mixed mode windows-amd64 compressed oops)
# Problematic frame:
# V  [jvm.dll+0x8aa30]
#
# Failed to write core dump. Minidumps are not enabled by default on client versions of Windows
#
# If you would like to submit a bug report, please visit:
#   http://bugreport.java.com/bugreport/crash.jsp
#

---------------  T H R E A D  ---------------

Current thread (0x0000000002ec9000):  GCTaskThread [stack: 0x0000000012980000,0x0000000012a80000] [id=13960]

siginfo: ExceptionCode=0xc0000005, reading address 0x0000000040800008

Registers:
RAX=0x0000000000000000, RBX=0x00000000e175f990, RCX=0x00000000e175f990, RDX=0x0000000040800000
RSP=0x0000000012a7f988, RBP=0x000000001237e401, RSI=0x0000000016d63340, RDI=0x00000000a1c7f208
R8 =0x0000000016d63340, R9 =0x0000000100000768, R10=0x0000000000000008, R11=0x00000000f3f6bcb0
R12=0x000000001237e3f4, R13=0x000000100c100000, R14=0x0000000000000000, R15=0x0000000002ec2410
RIP=0x000000005c7faa30, EFLAGS=0x0000000000010206

Top of Stack: (sp=0x0000000012a7f988)
0x0000000012a7f988:   000000005cb3cc82 0000000000000009
0x0000000012a7f998:   0000000000000003 0000000016d63340
0x0000000012a7f9a8:   000000000aa30000 00000000f3f63cc0
0x0000000012a7f9b8:   000000005cb3d3cb 0000000000000005
0x0000000012a7f9c8:   000000005cb3b029 0000000000000000
0x0000000012a7f9d8:   0000000016d63300 000000001237e3f4
0x0000000012a7f9e8:   000000005cb3cff0 00000000f3f65f18
0x0000000012a7f9f8:   000000001237e401 0000000016d63340
0x0000000012a7fa08:   00000000a1c7f208 00000000f3f65f18
0x0000000012a7fa18:   000000005cb3db95 00000000e3103c68
0x0000000012a7fa28:   000000001237e401 0000000016d63340
0x0000000012a7fa38:   0000000000000002 000000000aa20003
0x0000000012a7fa48:   000000005cb3c43b 00000000a07ff7ac
0x0000000012a7fa58:   000000005c85f6c7 0000000016d63340
0x0000000012a7fa68:   000000005c85d883 00000000a1700b55
0x0000000012a7fa78:   00000000a1700b55 00000000a1c7f174 

Instructions: (pc=0x000000005c7faa30)
0x000000005c7faa10:   6c 4e 1d 00 48 8b 9c 24 c0 00 00 00 48 81 c4 b0
0x000000005c7faa20:   00 00 00 5d c3 cc cc cc cc cc cc cc cc cc cc cc
0x000000005c7faa30:   44 8b 42 08 4c 8b ca 45 85 c0 7e 0e 41 f6 c0 01
0x000000005c7faa40:   75 57 41 c1 f8 03 41 8b c0 c3 79 4d 80 3d 7e fe 


Register to memory mapping:

RAX=0x0000000000000000 is an unknown value
RBX=0x00000000e175f990 is an oop

[error occurred during error reporting (printing register info), id 0xc0000005]

Stack: [0x0000000012980000,0x0000000012a80000],  sp=0x0000000012a7f988,  free space=1022k
Native frames: (J=compiled Java code, j=interpreted, Vv=VM code, C=native code)
V  [jvm.dll+0x8aa30]


---------------  P R O C E S S  ---------------

Java Threads: ( => current thread )
  0x000000001d5b8000 JavaThread "build operations Thread 8" [_thread_blocked, id=15324, stack(0x000000002c490000,0x000000002c590000)]
  0x000000001d5bf000 JavaThread "build operations Thread 7" [_thread_blocked, id=8708, stack(0x000000002c390000,0x000000002c490000)]
  0x000000001d5bd800 JavaThread "build operations Thread 6" [_thread_blocked, id=14972, stack(0x000000002c290000,0x000000002c390000)]
  0x000000001d5bb000 JavaThread "build operations Thread 5" [_thread_blocked, id=17864, stack(0x000000002c190000,0x000000002c290000)]
  0x000000001d5bc000 JavaThread "build operations Thread 4" [_thread_blocked, id=17420, stack(0x000000002c090000,0x000000002c190000)]
  0x000000001d5be000 JavaThread "build operations Thread 3" [_thread_blocked, id=19720, stack(0x000000002bf90000,0x000000002c090000)]
  0x000000001d5bc800 JavaThread "build operations Thread 2" [_thread_blocked, id=14152, stack(0x000000002be90000,0x000000002bf90000)]
  0x000000001d5b9000 JavaThread "build operations" [_thread_blocked, id=20128, stack(0x000000002bd90000,0x000000002be90000)]
  0x000000001d5ba800 JavaThread "Cache worker for Artifact transforms cache (C:\Users\viper\.gradle\caches\transforms-1)" [_thread_blocked, id=13196, stack(0x000000002bc90000,0x000000002bd90000)]
  0x000000001d5b0800 JavaThread "Cache worker for file hash cache (C:\Users\viper\AndroidStudioProjects\PLUGS\.gradle\4.4\fileHashes)" [_thread_blocked, id=3768, stack(0x000000002bb90000,0x000000002bc90000)]
  0x000000001d5b7800 JavaThread "Stdin handler" [_thread_blocked, id=7528, stack(0x000000002ba90000,0x000000002bb90000)]
  0x000000001d5b6000 JavaThread "Asynchronous log dispatcher for DefaultDaemonConnection: socket connection from /127.0.0.1:60113 to /127.0.0.1:60948" [_thread_blocked, id=904, stack(0x000000002b990000,0x000000002ba90000)]
  0x000000001d5b6800 JavaThread "Daemon worker Thread 2" [_thread_blocked, id=12908, stack(0x000000002b890000,0x000000002b990000)]
  0x000000001d5b5000 JavaThread "Cancel handler" [_thread_blocked, id=128, stack(0x000000002b790000,0x000000002b890000)]
  0x000000001d5b1000 JavaThread "Handler for socket connection from /127.0.0.1:60113 to /127.0.0.1:60948" [_thread_in_native, id=19628, stack(0x000000002b690000,0x000000002b790000)]
  0x000000001d5b4800 JavaThread "Daemon Thread 2" [_thread_blocked, id=14340, stack(0x000000002b590000,0x000000002b690000)]
  0x000000001d646000 JavaThread "Memory manager" [_thread_blocked, id=16864, stack(0x0000000023480000,0x0000000023580000)]
  0x000000001a9dc000 JavaThread "File lock request listener" [_thread_in_native, id=2896, stack(0x000000001c670000,0x000000001c770000)]
  0x0000000018ede800 JavaThread "Cache worker for file hash cache (C:\Users\viper\.gradle\caches\4.4\fileHashes)" [_thread_blocked, id=21276, stack(0x000000001c570000,0x000000001c670000)]
  0x000000001aa94800 JavaThread "Daemon periodic checks" [_thread_blocked, id=15720, stack(0x000000001b970000,0x000000001ba70000)]
  0x000000001a6d9800 JavaThread "Incoming local TCP Connector on port 60113" [_thread_in_native, id=17476, stack(0x000000001b730000,0x000000001b830000)]
  0x0000000018cf4800 JavaThread "Service Thread" daemon [_thread_blocked, id=9532, stack(0x0000000019820000,0x0000000019920000)]
  0x0000000018c67000 JavaThread "C1 CompilerThread3" daemon [_thread_blocked, id=18868, stack(0x0000000019720000,0x0000000019820000)]
  0x0000000016d7b000 JavaThread "C2 CompilerThread2" daemon [_thread_blocked, id=11580, stack(0x0000000019620000,0x0000000019720000)]
  0x0000000018c61800 JavaThread "C2 CompilerThread1" daemon [_thread_in_native, id=17748, stack(0x0000000019520000,0x0000000019620000)]
  0x0000000018c5e800 JavaThread "C2 CompilerThread0" daemon [_thread_in_native, id=21428, stack(0x0000000019420000,0x0000000019520000)]
  0x0000000018c5d000 JavaThread "Attach Listener" daemon [_thread_blocked, id=18984, stack(0x0000000019320000,0x0000000019420000)]
  0x0000000018c5c800 JavaThread "Signal Dispatcher" daemon [_thread_blocked, id=8100, stack(0x0000000019220000,0x0000000019320000)]
  0x0000000018c50800 JavaThread "Finalizer" daemon [_thread_blocked, id=17132, stack(0x0000000019030000,0x0000000019130000)]
  0x0000000016d6a800 JavaThread "Reference Handler" daemon [_thread_blocked, id=20520, stack(0x0000000018b30000,0x0000000018c30000)]
  0x0000000002eb2800 JavaThread "main" [_thread_blocked, id=15080, stack(0x0000000002db0000,0x0000000002eb0000)]

Other Threads:
  0x0000000016d65800 VMThread [stack: 0x0000000018a30000,0x0000000018b30000] [id=21500]
  0x0000000018cf5000 WatcherThread [stack: 0x0000000019920000,0x0000000019a20000] [id=1316]

=>0x0000000002ec9000 (exited) GCTaskThread [stack: 0x0000000012980000,0x0000000012a80000] [id=13960]

VM state:at safepoint (normal execution)

VM Mutex/Monitor currently owned by a thread:  ([mutex/lock_event])
[0x0000000002dad270] Threads_lock - owner thread: 0x0000000016d65800
[0x0000000002dada70] Heap_lock - owner thread: 0x000000001d5b6800

Heap:
 PSYoungGen      total 336384K, used 313344K [0x00000000e0000000, 0x00000000f6780000, 0x0000000100000000)
  eden space 313344K, 100% used [0x00000000e0000000,0x00000000f3200000,0x00000000f3200000)
  from space 23040K, 0% used [0x00000000f4980000,0x00000000f4980000,0x00000000f6000000)
  to   space 24064K, 73% used [0x00000000f3200000,0x00000000f43475a0,0x00000000f4980000)
 ParOldGen       total 193024K, used 33207K [0x00000000a0000000, 0x00000000abc80000, 0x00000000e0000000)
  object space 193024K, 17% used [0x00000000a0000000,0x00000000a206de78,0x00000000abc80000)
 Metaspace       used 75784K, capacity 79880K, committed 80128K, reserved 1118208K
  class space    used 10166K, capacity 10953K, committed 11008K, reserved 1048576K

Card table byte_map: [0x0000000012370000,0x0000000012680000] byte_map_base: 0x0000000011e70000

Marking Bits: (ParMarkBitMap*) 0x000000005cf34970
 Begin Bits: [0x0000000013080000, 0x0000000014880000)
 End Bits:   [0x0000000014880000, 0x0000000016080000)

Polling page: 0x0000000002c70000

CodeCache: size=245760Kb used=29981Kb max_used=29981Kb free=215778Kb
 bounds [0x0000000002fb0000, 0x0000000004d20000, 0x0000000011fb0000]
 total_blobs=10301 nmethods=9464 adapters=749
 compilation: enabled

Compilation events (10 events):
Event: 839.380 Thread 0x0000000018c67000 nmethod 11372 0x0000000004d0af10 code [0x0000000004d0b060, 0x0000000004d0b170]
Event: 839.380 Thread 0x0000000018c67000 11370       3       org.gradle.model.internal.registry.DefaultModelRegistry$TryBindInputs::calculateDependencies (57 bytes)
Event: 839.381 Thread 0x0000000018c67000 nmethod 11370 0x0000000004d18b10 code [0x0000000004d18ce0, 0x0000000004d19308]
Event: 839.381 Thread 0x0000000018c67000 11373       3       org.apache.commons.lang.StringUtils::splitWorker (385 bytes)
Event: 839.384 Thread 0x0000000018c67000 nmethod 11373 0x0000000004d19550 code [0x0000000004d199c0, 0x0000000004d1cf38]
Event: 839.384 Thread 0x0000000018c67000 11375       1       org.gradle.model.internal.registry.DefaultModelRegistry::access$400 (4 bytes)
Event: 839.385 Thread 0x0000000018c67000 nmethod 11375 0x0000000004d1ef90 code [0x0000000004d1f0e0, 0x0000000004d1f1d0]
Event: 839.385 Thread 0x0000000018c67000 11369       3       org.gradle.model.internal.registry.ModelGraph::find (14 bytes)
Event: 839.385 Thread 0x0000000018c67000 nmethod 11369 0x0000000004d1f250 code [0x0000000004d1f3c0, 0x0000000004d1f6c8]
Event: 839.385 Thread 0x0000000018c67000 11378       1       org.gradle.api.internal.artifacts.configurations.LeafOutgoingVariant::getArtifacts (5 bytes)

GC Heap History (10 events):
Event: 12.414 GC heap after
Heap after GC invocations=7 (full 2):
 PSYoungGen      total 137728K, used 0K [0x00000000e0000000, 0x00000000edb80000, 0x0000000100000000)
  eden space 126976K, 0% used [0x00000000e0000000,0x00000000e0000000,0x00000000e7c00000)
  from space 10752K, 0% used [0x00000000e7c00000,0x00000000e7c00000,0x00000000e8680000)
  to   space 13312K, 0% used [0x00000000ece80000,0x00000000ece80000,0x00000000edb80000)
 ParOldGen       total 135680K, used 19420K [0x00000000a0000000, 0x00000000a8480000, 0x00000000e0000000)
  object space 135680K, 14% used [0x00000000a0000000,0x00000000a12f7188,0x00000000a8480000)
 Metaspace       used 34667K, capacity 35278K, committed 35416K, reserved 1079296K
  class space    used 4784K, capacity 4999K, committed 5120K, reserved 1048576K
}
Event: 13.519 GC heap before
{Heap before GC invocations=8 (full 2):
 PSYoungGen      total 137728K, used 126976K [0x00000000e0000000, 0x00000000edb80000, 0x0000000100000000)
  eden space 126976K, 100% used [0x00000000e0000000,0x00000000e7c00000,0x00000000e7c00000)
  from space 10752K, 0% used [0x00000000e7c00000,0x00000000e7c00000,0x00000000e8680000)
  to   space 13312K, 0% used [0x00000000ece80000,0x00000000ece80000,0x00000000edb80000)
 ParOldGen       total 135680K, used 19420K [0x00000000a0000000, 0x00000000a8480000, 0x00000000e0000000)
  object space 135680K, 14% used [0x00000000a0000000,0x00000000a12f7188,0x00000000a8480000)
 Metaspace       used 42802K, capacity 43738K, committed 43904K, reserved 1087488K
  class space    used 5924K, capacity 6208K, committed 6272K, reserved 1048576K
Event: 13.541 GC heap after
Heap after GC invocations=8 (full 2):
 PSYoungGen      total 209408K, used 13297K [0x00000000e0000000, 0x00000000ee900000, 0x0000000100000000)
  eden space 196096K, 0% used [0x00000000e0000000,0x00000000e0000000,0x00000000ebf80000)
  from space 13312K, 99% used [0x00000000ece80000,0x00000000edb7c550,0x00000000edb80000)
  to   space 15360K, 0% used [0x00000000ebf80000,0x00000000ebf80000,0x00000000ece80000)
 ParOldGen       total 135680K, used 20191K [0x00000000a0000000, 0x00000000a8480000, 0x00000000e0000000)
  object space 135680K, 14% used [0x00000000a0000000,0x00000000a13b7d30,0x00000000a8480000)
 Metaspace       used 42802K, capacity 43738K, committed 43904K, reserved 1087488K
  class space    used 5924K, capacity 6208K, committed 6272K, reserved 1048576K
}
Event: 16.504 GC heap before
{Heap before GC invocations=9 (full 2):
 PSYoungGen      total 209408K, used 209393K [0x00000000e0000000, 0x00000000ee900000, 0x0000000100000000)
  eden space 196096K, 100% used [0x00000000e0000000,0x00000000ebf80000,0x00000000ebf80000)
  from space 13312K, 99% used [0x00000000ece80000,0x00000000edb7c550,0x00000000edb80000)
  to   space 15360K, 0% used [0x00000000ebf80000,0x00000000ebf80000,0x00000000ece80000)
 ParOldGen       total 135680K, used 20191K [0x00000000a0000000, 0x00000000a8480000, 0x00000000e0000000)
  object space 135680K, 14% used [0x00000000a0000000,0x00000000a13b7d30,0x00000000a8480000)
 Metaspace       used 55487K, capacity 57108K, committed 57216K, reserved 1097728K
  class space    used 7569K, capacity 7967K, committed 8064K, reserved 1048576K
Event: 16.521 GC heap after
Heap after GC invocations=9 (full 2):
 PSYoungGen      total 211456K, used 15333K [0x00000000e0000000, 0x00000000f6000000, 0x0000000100000000)
  eden space 196096K, 0% used [0x00000000e0000000,0x00000000e0000000,0x00000000ebf80000)
  from space 15360K, 99% used [0x00000000ebf80000,0x00000000ece79510,0x00000000ece80000)
  to   space 23040K, 0% used [0x00000000f4980000,0x00000000f4980000,0x00000000f6000000)
 ParOldGen       total 135680K, used 31200K [0x00000000a0000000, 0x00000000a8480000, 0x00000000e0000000)
  object space 135680K, 22% used [0x00000000a0000000,0x00000000a1e78088,0x00000000a8480000)
 Metaspace       used 55487K, capacity 57108K, committed 57216K, reserved 1097728K
  class space    used 7569K, capacity 7967K, committed 8064K, reserved 1048576K
}
Event: 17.324 GC heap before
{Heap before GC invocations=10 (full 2):
 PSYoungGen      total 211456K, used 61016K [0x00000000e0000000, 0x00000000f6000000, 0x0000000100000000)
  eden space 196096K, 23% used [0x00000000e0000000,0x00000000e2c9ce98,0x00000000ebf80000)
  from space 15360K, 99% used [0x00000000ebf80000,0x00000000ece79510,0x00000000ece80000)
  to   space 23040K, 0% used [0x00000000f4980000,0x00000000f4980000,0x00000000f6000000)
 ParOldGen       total 135680K, used 31200K [0x00000000a0000000, 0x00000000a8480000, 0x00000000e0000000)
  object space 135680K, 22% used [0x00000000a0000000,0x00000000a1e78088,0x00000000a8480000)
 Metaspace       used 57164K, capacity 58878K, committed 59008K, reserved 1099776K
  class space    used 7816K, capacity 8236K, committed 8320K, reserved 1048576K
Event: 17.337 GC heap after
Heap after GC invocations=10 (full 2):
 PSYoungGen      total 336384K, used 17973K [0x00000000e0000000, 0x00000000f6780000, 0x0000000100000000)
  eden space 313344K, 0% used [0x00000000e0000000,0x00000000e0000000,0x00000000f3200000)
  from space 23040K, 78% used [0x00000000f4980000,0x00000000f5b0d550,0x00000000f6000000)
  to   space 24064K, 0% used [0x00000000f3200000,0x00000000f3200000,0x00000000f4980000)
 ParOldGen       total 135680K, used 31272K [0x00000000a0000000, 0x00000000a8480000, 0x00000000e0000000)
  object space 135680K, 23% used [0x00000000a0000000,0x00000000a1e8a098,0x00000000a8480000)
 Metaspace       used 57164K, capacity 58878K, committed 59008K, reserved 1099776K
  class space    used 7816K, capacity 8236K, committed 8320K, reserved 1048576K
}
Event: 17.337 GC heap before
{Heap before GC invocations=11 (full 3):
 PSYoungGen      total 336384K, used 17973K [0x00000000e0000000, 0x00000000f6780000, 0x0000000100000000)
  eden space 313344K, 0% used [0x00000000e0000000,0x00000000e0000000,0x00000000f3200000)
  from space 23040K, 78% used [0x00000000f4980000,0x00000000f5b0d550,0x00000000f6000000)
  to   space 24064K, 0% used [0x00000000f3200000,0x00000000f3200000,0x00000000f4980000)
 ParOldGen       total 135680K, used 31272K [0x00000000a0000000, 0x00000000a8480000, 0x00000000e0000000)
  object space 135680K, 23% used [0x00000000a0000000,0x00000000a1e8a098,0x00000000a8480000)
 Metaspace       used 57164K, capacity 58878K, committed 59008K, reserved 1099776K
  class space    used 7816K, capacity 8236K, committed 8320K, reserved 1048576K
Event: 17.487 GC heap after
Heap after GC invocations=11 (full 3):
 PSYoungGen      total 336384K, used 0K [0x00000000e0000000, 0x00000000f6780000, 0x0000000100000000)
  eden space 313344K, 0% used [0x00000000e0000000,0x00000000e0000000,0x00000000f3200000)
  from space 23040K, 0% used [0x00000000f4980000,0x00000000f4980000,0x00000000f6000000)
  to   space 24064K, 0% used [0x00000000f3200000,0x00000000f3200000,0x00000000f4980000)
 ParOldGen       total 193024K, used 33199K [0x00000000a0000000, 0x00000000abc80000, 0x00000000e0000000)
  object space 193024K, 17% used [0x00000000a0000000,0x00000000a206be78,0x00000000abc80000)
 Metaspace       used 57164K, capacity 58878K, committed 59008K, reserved 1099776K
  class space    used 7816K, capacity 8236K, committed 8320K, reserved 1048576K
}
Event: 839.385 GC heap before
{Heap before GC invocations=12 (full 3):
 PSYoungGen      total 336384K, used 313344K [0x00000000e0000000, 0x00000000f6780000, 0x0000000100000000)
  eden space 313344K, 100% used [0x00000000e0000000,0x00000000f3200000,0x00000000f3200000)
  from space 23040K, 0% used [0x00000000f4980000,0x00000000f4980000,0x00000000f6000000)
  to   space 24064K, 0% used [0x00000000f3200000,0x00000000f3200000,0x00000000f4980000)
 ParOldGen       total 193024K, used 33199K [0x00000000a0000000, 0x00000000abc80000, 0x00000000e0000000)
  object space 193024K, 17% used [0x00000000a0000000,0x00000000a206be78,0x00000000abc80000)
 Metaspace       used 75784K, capacity 79880K, committed 80128K, reserved 1118208K
  class space    used 10166K, capacity 10953K, committed 11008K, reserved 1048576K

Deoptimization events (10 events):
Event: 839.120 Thread 0x000000001d5b1000 Uncommon trap: reason=class_check action=maybe_recompile pc=0x00000000031f3e20 method=java.lang.reflect.Array.newInstance(Ljava/lang/Class;I)Ljava/lang/Object; @ 2
Event: 839.122 Thread 0x000000001d5b1000 Uncommon trap: reason=bimorphic action=maybe_recompile pc=0x0000000003c93f3c method=com.esotericsoftware.kryo.io.Input.fill([BII)I @ 16
Event: 839.123 Thread 0x000000001d5b4800 Uncommon trap: reason=unstable_if action=reinterpret pc=0x00000000033da30c method=org.gradle.internal.logging.slf4j.OutputEventListenerBackedLogger.isLevelAtMost(Lorg/gradle/api/logging/LogLevel;)Z @ 11
Event: 839.141 Thread 0x000000001d5b1000 Uncommon trap: reason=bimorphic action=maybe_recompile pc=0x0000000003c93f3c method=com.esotericsoftware.kryo.io.Input.fill([BII)I @ 16
Event: 839.153 Thread 0x000000001d5b6800 Uncommon trap: reason=predicate action=maybe_recompile pc=0x0000000003773830 method=com.google.common.collect.ImmutableSet.construct(I[Ljava/lang/Object;)Lcom/google/common/collect/ImmutableSet; @ 71
Event: 839.278 Thread 0x000000001d5b6800 Uncommon trap: reason=unstable_if action=reinterpret pc=0x0000000004303ab0 method=com.google.common.collect.ImmutableMap$Builder.ensureCapacity(I)V @ 6
Event: 839.278 Thread 0x000000001d5b6800 Uncommon trap: reason=unstable_if action=reinterpret pc=0x0000000004305d1c method=com.google.common.collect.ImmutableMap$Builder.ensureCapacity(I)V @ 6
Event: 839.308 Thread 0x000000001d5b6800 Uncommon trap: reason=bimorphic action=maybe_recompile pc=0x00000000048397fc method=java.util.concurrent.ConcurrentHashMap.computeIfAbsent(Ljava/lang/Object;Ljava/util/function/Function;)Ljava/lang/Object; @ 278
Event: 839.317 Thread 0x000000001d5b6800 Uncommon trap: reason=unstable_if action=reinterpret pc=0x00000000043174ac method=com.google.common.base.CharMatcher$IsEither.matches(C)Z @ 5
Event: 839.372 Thread 0x000000001d5b6800 Uncommon trap: reason=unstable_if action=reinterpret pc=0x0000000004b19890 method=com.google.common.collect.ImmutableMap.copyOf(Ljava/util/Map;)Lcom/google/common/collect/ImmutableMap; @ 4

Classes redefined (0 events):
No events

Internal exceptions (10 events):
Event: 22.983 Thread 0x000000001aab9800 Exception <a 'java/lang/NoSuchMethodError': <clinit>> (0x00000000f13fa7b0) thrown at [D:\src\AOSP-openjdk-cygwin\jdk8u\hotspot\src\share\vm\prims\jni.cpp, line 1613]
Event: 22.983 Thread 0x000000001aab9800 Exception <a 'java/lang/NoSuchMethodError': <clinit>> (0x00000000f1404898) thrown at [D:\src\AOSP-openjdk-cygwin\jdk8u\hotspot\src\share\vm\prims\jni.cpp, line 1613]
Event: 22.984 Thread 0x000000001aab9800 Exception <a 'java/lang/NoSuchMethodError': <clinit>> (0x00000000f1410c38) thrown at [D:\src\AOSP-openjdk-cygwin\jdk8u\hotspot\src\share\vm\prims\jni.cpp, line 1613]
Event: 22.984 Thread 0x000000001aab9800 Exception <a 'java/lang/NoSuchMethodError': <clinit>> (0x00000000f141b5a0) thrown at [D:\src\AOSP-openjdk-cygwin\jdk8u\hotspot\src\share\vm\prims\jni.cpp, line 1613]
Event: 22.985 Thread 0x000000001aab9800 Exception <a 'java/lang/NoSuchMethodError': <clinit>> (0x00000000f14248b8) thrown at [D:\src\AOSP-openjdk-cygwin\jdk8u\hotspot\src\share\vm\prims\jni.cpp, line 1613]
Event: 22.986 Thread 0x000000001aab9800 Exception <a 'java/lang/NoSuchMethodError': <clinit>> (0x00000000f143f858) thrown at [D:\src\AOSP-openjdk-cygwin\jdk8u\hotspot\src\share\vm\prims\jni.cpp, line 1613]
Event: 22.987 Thread 0x000000001aab9800 Exception <a 'java/lang/NoSuchMethodError': <clinit>> (0x00000000f144fc08) thrown at [D:\src\AOSP-openjdk-cygwin\jdk8u\hotspot\src\share\vm\prims\jni.cpp, line 1613]
Event: 22.987 Thread 0x000000001aab9800 Exception <a 'java/lang/NoSuchMethodError': <clinit>> (0x00000000f1454680) thrown at [D:\src\AOSP-openjdk-cygwin\jdk8u\hotspot\src\share\vm\prims\jni.cpp, line 1613]
Event: 22.994 Thread 0x000000001aaba800 Exception <a 'java/lang/NoSuchMethodError': <clinit>> (0x00000000f15ec810) thrown at [D:\src\AOSP-openjdk-cygwin\jdk8u\hotspot\src\share\vm\prims\jni.cpp, line 1613]
Event: 839.280 Thread 0x000000001d5b6800 Exception <a 'sun/nio/fs/WindowsException'> (0x00000000f2a5cb48) thrown at [D:\src\AOSP-openjdk-cygwin\jdk8u\hotspot\src\share\vm\prims\jni.cpp, line 709]

Events (10 events):
Event: 839.308 Thread 0x000000001d5b6800 DEOPT UNPACKING pc=0x0000000002ff557b sp=0x000000002b98c058 mode 2
Event: 839.317 Thread 0x000000001d5b6800 Uncommon trap: trap_request=0xffffff65 fr.pc=0x00000000043174ac
Event: 839.317 Thread 0x000000001d5b6800 DEOPT PACKING pc=0x00000000043174ac sp=0x000000002b98bb80
Event: 839.317 Thread 0x000000001d5b6800 DEOPT UNPACKING pc=0x0000000002ff557b sp=0x000000002b98bb20 mode 2
Event: 839.328 Executing VM operation: RevokeBias
Event: 839.328 Executing VM operation: RevokeBias done
Event: 839.372 Thread 0x000000001d5b6800 Uncommon trap: trap_request=0xffffff65 fr.pc=0x0000000004b19890
Event: 839.372 Thread 0x000000001d5b6800 DEOPT PACKING pc=0x0000000004b19890 sp=0x000000002b98bc80
Event: 839.372 Thread 0x000000001d5b6800 DEOPT UNPACKING pc=0x0000000002ff557b sp=0x000000002b98bc90 mode 2
Event: 839.385 Executing VM operation: ParallelGCFailedAllocation


Dynamic libraries:
0x00007ff7da000000 - 0x00007ff7da031000 	C:\Program Files\Android\Android Studio\jre\bin\java.exe
0x00007ffdca240000 - 0x00007ffdca421000 	C:\Windows\SYSTEM32\ntdll.dll
0x00007ffdc9f30000 - 0x00007ffdc9fe2000 	C:\Windows\System32\KERNEL32.DLL
0x00007ffdc7060000 - 0x00007ffdc72d3000 	C:\Windows\System32\KERNELBASE.dll
0x00007ffdc9720000 - 0x00007ffdc97c1000 	C:\Windows\System32\ADVAPI32.dll
0x00007ffdc78a0000 - 0x00007ffdc793e000 	C:\Windows\System32\msvcrt.dll
0x00007ffdc9390000 - 0x00007ffdc93eb000 	C:\Windows\System32\sechost.dll
0x00007ffdc9d90000 - 0x00007ffdc9eb4000 	C:\Windows\System32\RPCRT4.dll
0x00007ffdca050000 - 0x00007ffdca1e0000 	C:\Windows\System32\USER32.dll
0x00007ffdc6e20000 - 0x00007ffdc6e40000 	C:\Windows\System32\win32u.dll
0x00007ffdc7870000 - 0x00007ffdc7898000 	C:\Windows\System32\GDI32.dll
0x00007ffdc72e0000 - 0x00007ffdc7472000 	C:\Windows\System32\gdi32full.dll
0x00007ffdc6e40000 - 0x00007ffdc6edf000 	C:\Windows\System32\msvcp_win.dll
0x00007ffdc6ee0000 - 0x00007ffdc6fda000 	C:\Windows\System32\ucrtbase.dll
0x00007ffdb7ec0000 - 0x00007ffdb8129000 	C:\Windows\WinSxS\amd64_microsoft.windows.common-controls_6595b64144ccf1df_6.0.17134.285_none_fb4297e330656775\COMCTL32.dll
0x00007ffdc93f0000 - 0x00007ffdc9713000 	C:\Windows\System32\combase.dll
0x00007ffdc6fe0000 - 0x00007ffdc705a000 	C:\Windows\System32\bcryptPrimitives.dll
0x00007ffdca1e0000 - 0x00007ffdca20d000 	C:\Windows\System32\IMM32.DLL
0x000000005c690000 - 0x000000005c762000 	C:\Program Files\Android\Android Studio\jre\jre\bin\msvcr100.dll
0x000000005c770000 - 0x000000005cfaf000 	C:\Program Files\Android\Android Studio\jre\jre\bin\server\jvm.dll
0x00007ffdc9ec0000 - 0x00007ffdc9ec8000 	C:\Windows\System32\PSAPI.DLL
0x00007ffdc26d0000 - 0x00007ffdc26f3000 	C:\Windows\SYSTEM32\WINMM.dll
0x00007ffdbff80000 - 0x00007ffdbff8a000 	C:\Windows\SYSTEM32\VERSION.dll
0x00007ffdb94e0000 - 0x00007ffdb94e9000 	C:\Windows\SYSTEM32\WSOCK32.dll
0x00007ffdc9320000 - 0x00007ffdc938c000 	C:\Windows\System32\WS2_32.dll
0x00007ffdc26a0000 - 0x00007ffdc26ca000 	C:\Windows\SYSTEM32\WINMMBASE.dll
0x00007ffdc6610000 - 0x00007ffdc6659000 	C:\Windows\System32\cfgmgr32.dll
0x00007ffdb9200000 - 0x00007ffdb920f000 	C:\Program Files\Android\Android Studio\jre\jre\bin\verify.dll
0x00007ffd840f0000 - 0x00007ffd84119000 	C:\Program Files\Android\Android Studio\jre\jre\bin\java.dll
0x00007ffdb9030000 - 0x00007ffdb9046000 	C:\Program Files\Android\Android Studio\jre\jre\bin\zip.dll
0x00007ffdc7d00000 - 0x00007ffdc9140000 	C:\Windows\System32\SHELL32.dll
0x00007ffdc9270000 - 0x00007ffdc9319000 	C:\Windows\System32\shcore.dll
0x00007ffdc6710000 - 0x00007ffdc6e1d000 	C:\Windows\System32\windows.storage.dll
0x00007ffdc9ed0000 - 0x00007ffdc9f21000 	C:\Windows\System32\shlwapi.dll
0x00007ffdc65f0000 - 0x00007ffdc6601000 	C:\Windows\System32\kernel.appcore.dll
0x00007ffdc6550000 - 0x00007ffdc656f000 	C:\Windows\System32\profapi.dll
0x00007ffdc6570000 - 0x00007ffdc65bc000 	C:\Windows\System32\powrprof.dll
0x00007ffdc65e0000 - 0x00007ffdc65ea000 	C:\Windows\System32\FLTLIB.DLL
0x00007ffda08a0000 - 0x00007ffda08ba000 	C:\Program Files\Android\Android Studio\jre\jre\bin\net.dll
0x00007ffdc5dd0000 - 0x00007ffdc5e36000 	C:\Windows\system32\mswsock.dll
0x00007ffd84140000 - 0x00007ffd84151000 	C:\Program Files\Android\Android Studio\jre\jre\bin\nio.dll
0x00007ffda4760000 - 0x00007ffda477e000 	C:\Users\viper\.gradle\native\25\windows-amd64\native-platform.dll
0x00007ffd84160000 - 0x00007ffd8416d000 	C:\Program Files\Android\Android Studio\jre\jre\bin\management.dll
0x00007ffdc5f80000 - 0x00007ffdc5f97000 	C:\Windows\SYSTEM32\CRYPTSP.dll
0x00007ffdc59b0000 - 0x00007ffdc59e3000 	C:\Windows\system32\rsaenh.dll
0x00007ffdc60b0000 - 0x00007ffdc60d5000 	C:\Windows\SYSTEM32\bcrypt.dll
0x00007ffdc6450000 - 0x00007ffdc6478000 	C:\Windows\SYSTEM32\USERENV.dll
0x00007ffdc5fa0000 - 0x00007ffdc5fab000 	C:\Windows\SYSTEM32\CRYPTBASE.dll
0x00007ffdc5b50000 - 0x00007ffdc5b88000 	C:\Windows\SYSTEM32\IPHLPAPI.DLL
0x00007ffdc9170000 - 0x00007ffdc9178000 	C:\Windows\System32\NSI.dll
0x00007ffdbf1b0000 - 0x00007ffdbf1c6000 	C:\Windows\SYSTEM32\dhcpcsvc6.DLL
0x00007ffdbf720000 - 0x00007ffdbf73a000 	C:\Windows\SYSTEM32\dhcpcsvc.DLL
0x00007ffdc4fa0000 - 0x00007ffdc5169000 	C:\Windows\SYSTEM32\dbghelp.dll

VM Arguments:
jvm_args: -Xmx1536m -Dfile.encoding=windows-1252 -Duser.country=US -Duser.language=en -Duser.variant 
java_command: org.gradle.launcher.daemon.bootstrap.GradleDaemon 4.4
java_class_path (initial): C:\Users\viper\.gradle\wrapper\dists\gradle-4.4-all\9br9xq1tocpiv8o6njlyu5op1\gradle-4.4\lib\gradle-launcher-4.4.jar
Launcher Type: SUN_STANDARD

Environment Variables:
PATH=C:\Program Files\Internet Explorer;;C:\Program Files\Microsoft MPI\Bin\;C:\Program Files (x86)\Intel\Intel(R) Management Engine Components\iCLS\;C:\Program Files\Intel\Intel(R) Management Engine Components\iCLS\;C:\Program Files\Oculus\Support\oculus-runtime;C:\Windows\system32;C:\Windows;C:\Windows\System32\Wbem;C:\Windows\System32\WindowsPowerShell\v1.0\;C:\Windows\System32\OpenSSH\;C:\Program Files\dotnet\;C:\Program Files\Microsoft SQL Server\130\Tools\Binn\;C:\Program Files (x86)\Intel\Intel(R) Management Engine Components\DAL;C:\Program Files\Intel\Intel(R) Management Engine Components\DAL;C:\Program Files (x86)\Intel\Intel(R) Management Engine Components\IPT;C:\Program Files\Intel\Intel(R) Management Engine Components\IPT;C:\Program Files (x86)\NVIDIA Corporation\PhysX\Common;C:\Program Files (x86)\dotnet\;C:\Program Files (x86)\IVI Foundation\VISA\WinNT\Bin;C:\Program Files (x86)\Microsoft SQL Server\140\Tools\Binn\;C:\Program Files\Microsoft SQL Server\140\Tools\Binn\;C:\Program Files (x86)\Microsoft SQL Server\140\DTS\Binn\;C:\Program Files\Microsoft SQL Server\140\DTS\Binn\;C:\Program Files\Microsoft SQL Server\Client SDK\ODBC\130\Tools\Binn\;C:\Program Files (x86)\Microsoft SQL Server\Client SDK\ODBC\130\Tools\Binn\;C:\Program Files (x86)\Microsoft SQL Server\140\Tools\Binn\ManagementStudio\;C:\Users\viper\AppData\Local\Microsoft\WindowsApps;C:\Users\viper\.dotnet\tools
USERNAME=viper
OS=Windows_NT
PROCESSOR_IDENTIFIER=Intel64 Family 6 Model 94 Stepping 3, GenuineIntel



---------------  S Y S T E M  ---------------

OS: Windows 10.0 , 64 bit Build 17134 (10.0.17134.1)

CPU:total 8 (initial active 8) (4 cores per cpu, 2 threads per core) family 6 model 94 stepping 3, cmov, cx8, fxsr, mmx, sse, sse2, sse3, ssse3, sse4.1, sse4.2, popcnt, avx, avx2, aes, clmul, erms, rtm, 3dnowpref, lzcnt, ht, tsc, tscinvbit, bmi1, bmi2, adx

Memory: 4k page, physical 16645376k(8202768k free), swap 19791104k(4497952k free)

vm_info: OpenJDK 64-Bit Server VM (25.152-b02) for windows-amd64 JRE (1.8.0_152-release-1024-b02), built by "builder" with MS VC++ 10.0 (VS2010)

time: Sat Sep 22 18:04:01 2018
elapsed time: 839 seconds (0d 0h 13m 59s)

